<component name="libraryTable">
  <library name="junit-4.11-SNAPSHOT">
    <CLASSES>
      <root url="jar://$PROJECT_DIR$/bin/junit/junit-4.11-SNAPSHOT.jar!/" />
    </CLASSES>
    <JAVADOC />
    <SOURCES />
  </library>
</component>