<component name="libraryTable">
  <library name="junit-4.11-SNAPSHOT1">
    <CLASSES>
      <root url="jar://$PROJECT_DIR$/src/junit/junit-4.11-SNAPSHOT.jar!/" />
    </CLASSES>
    <JAVADOC />
    <SOURCES />
  </library>
</component>